<?xml version="1.0" encoding="UTF-8"?>
<testsuite xmlns:xsi="http://www.w3.org/2001/XMLSchema-instance" xsi:noNamespaceSchemaLocation="https://maven.apache.org/surefire/maven-surefire-plugin/xsd/surefire-test-report-3.0.xsd" version="3.0" name="TestSuite" time="1.543" tests="36" errors="0" skipped="36" failures="0">
  <properties>
    <property name="java.specification.version" value="15"/>
    <property name="sun.jnu.encoding" value="UTF-8"/>
    <property name="java.class.path" value="/Users/ronitroy/IdeaProjects/mobile-automation/target/test-classes:/Users/ronitroy/IdeaProjects/mobile-automation/target/classes:/Users/ronitroy/.m2/repository/io/appium/java-client/7.6.0/java-client-7.6.0.jar:/Users/ronitroy/.m2/repository/org/seleniumhq/selenium/selenium-java/3.141.59/selenium-java-3.141.59.jar:/Users/ronitroy/.m2/repository/org/seleniumhq/selenium/selenium-chrome-driver/3.141.59/selenium-chrome-driver-3.141.59.jar:/Users/ronitroy/.m2/repository/org/seleniumhq/selenium/selenium-edge-driver/3.141.59/selenium-edge-driver-3.141.59.jar:/Users/ronitroy/.m2/repository/org/seleniumhq/selenium/selenium-firefox-driver/3.141.59/selenium-firefox-driver-3.141.59.jar:/Users/ronitroy/.m2/repository/org/seleniumhq/selenium/selenium-ie-driver/3.141.59/selenium-ie-driver-3.141.59.jar:/Users/ronitroy/.m2/repository/org/seleniumhq/selenium/selenium-opera-driver/3.141.59/selenium-opera-driver-3.141.59.jar:/Users/ronitroy/.m2/repository/org/seleniumhq/selenium/selenium-remote-driver/3.141.59/selenium-remote-driver-3.141.59.jar:/Users/ronitroy/.m2/repository/org/seleniumhq/selenium/selenium-safari-driver/3.141.59/selenium-safari-driver-3.141.59.jar:/Users/ronitroy/.m2/repository/net/bytebuddy/byte-buddy/1.8.15/byte-buddy-1.8.15.jar:/Users/ronitroy/.m2/repository/org/apache/commons/commons-exec/1.3/commons-exec-1.3.jar:/Users/ronitroy/.m2/repository/com/google/guava/guava/25.0-jre/guava-25.0-jre.jar:/Users/ronitroy/.m2/repository/com/google/code/findbugs/jsr305/1.3.9/jsr305-1.3.9.jar:/Users/ronitroy/.m2/repository/org/checkerframework/checker-compat-qual/2.0.0/checker-compat-qual-2.0.0.jar:/Users/ronitroy/.m2/repository/com/google/errorprone/error_prone_annotations/2.1.3/error_prone_annotations-2.1.3.jar:/Users/ronitroy/.m2/repository/com/google/j2objc/j2objc-annotations/1.1/j2objc-annotations-1.1.jar:/Users/ronitroy/.m2/repository/org/codehaus/mojo/animal-sniffer-annotations/1.14/animal-sniffer-annotations-1.14.jar:/Users/ronitroy/.m2/repository/com/squareup/okhttp3/okhttp/3.11.0/okhttp-3.11.0.jar:/Users/ronitroy/.m2/repository/com/squareup/okio/okio/1.14.0/okio-1.14.0.jar:/Users/ronitroy/.m2/repository/org/seleniumhq/selenium/selenium-support/3.141.59/selenium-support-3.141.59.jar:/Users/ronitroy/.m2/repository/org/seleniumhq/selenium/selenium-api/3.141.59/selenium-api-3.141.59.jar:/Users/ronitroy/.m2/repository/com/google/code/gson/gson/2.8.8/gson-2.8.8.jar:/Users/ronitroy/.m2/repository/org/apache/httpcomponents/httpclient/4.5.13/httpclient-4.5.13.jar:/Users/ronitroy/.m2/repository/org/apache/httpcomponents/httpcore/4.4.13/httpcore-4.4.13.jar:/Users/ronitroy/.m2/repository/commons-logging/commons-logging/1.2/commons-logging-1.2.jar:/Users/ronitroy/.m2/repository/cglib/cglib/3.3.0/cglib-3.3.0.jar:/Users/ronitroy/.m2/repository/org/ow2/asm/asm/7.1/asm-7.1.jar:/Users/ronitroy/.m2/repository/commons-validator/commons-validator/1.7/commons-validator-1.7.jar:/Users/ronitroy/.m2/repository/commons-beanutils/commons-beanutils/1.9.4/commons-beanutils-1.9.4.jar:/Users/ronitroy/.m2/repository/commons-digester/commons-digester/2.1/commons-digester-2.1.jar:/Users/ronitroy/.m2/repository/commons-collections/commons-collections/3.2.2/commons-collections-3.2.2.jar:/Users/ronitroy/.m2/repository/org/apache/commons/commons-lang3/3.12.0/commons-lang3-3.12.0.jar:/Users/ronitroy/.m2/repository/org/springframework/spring-context/5.3.10/spring-context-5.3.10.jar:/Users/ronitroy/.m2/repository/org/springframework/spring-aop/5.3.10/spring-aop-5.3.10.jar:/Users/ronitroy/.m2/repository/org/springframework/spring-beans/5.3.10/spring-beans-5.3.10.jar:/Users/ronitroy/.m2/repository/org/springframework/spring-core/5.3.10/spring-core-5.3.10.jar:/Users/ronitroy/.m2/repository/org/springframework/spring-jcl/5.3.10/spring-jcl-5.3.10.jar:/Users/ronitroy/.m2/repository/org/springframework/spring-expression/5.3.10/spring-expression-5.3.10.jar:/Users/ronitroy/.m2/repository/org/aspectj/aspectjweaver/1.9.7/aspectjweaver-1.9.7.jar:/Users/ronitroy/.m2/repository/org/slf4j/slf4j-api/1.7.32/slf4j-api-1.7.32.jar:/Users/ronitroy/.m2/repository/org/testng/testng/7.4.0/testng-7.4.0.jar:/Users/ronitroy/.m2/repository/com/beust/jcommander/1.78/jcommander-1.78.jar:/Users/ronitroy/.m2/repository/org/webjars/jquery/3.5.1/jquery-3.5.1.jar:/Users/ronitroy/.m2/repository/org/json/json/20210307/json-20210307.jar:/Users/ronitroy/.m2/repository/org/apache/logging/log4j/log4j-core/2.17.1/log4j-core-2.17.1.jar:/Users/ronitroy/.m2/repository/org/apache/logging/log4j/log4j-api/2.17.1/log4j-api-2.17.1.jar:/Users/ronitroy/.m2/repository/com/aventstack/extentreports/5.0.9/extentreports-5.0.9.jar:/Users/ronitroy/.m2/repository/io/reactivex/rxjava3/rxjava/3.0.4/rxjava-3.0.4.jar:/Users/ronitroy/.m2/repository/org/reactivestreams/reactive-streams/1.0.3/reactive-streams-1.0.3.jar:/Users/ronitroy/.m2/repository/org/freemarker/freemarker/2.3.30/freemarker-2.3.30.jar:/Users/ronitroy/.m2/repository/commons-codec/commons-codec/1.15/commons-codec-1.15.jar:/Users/ronitroy/.m2/repository/commons-io/commons-io/2.11.0/commons-io-2.11.0.jar:/Users/ronitroy/.m2/repository/org/apache/logging/log4j/log4j-slf4j-impl/2.11.2/log4j-slf4j-impl-2.11.2.jar:/Users/ronitroy/.m2/repository/org/apache/maven/plugins/maven-surefire-plugin/3.0.0-M6/maven-surefire-plugin-3.0.0-M6.jar:/Users/ronitroy/.m2/repository/org/apache/maven/surefire/maven-surefire-common/3.0.0-M6/maven-surefire-common-3.0.0-M6.jar:/Users/ronitroy/.m2/repository/org/apache/maven/surefire/surefire-api/3.0.0-M6/surefire-api-3.0.0-M6.jar:/Users/ronitroy/.m2/repository/org/apache/maven/surefire/surefire-logger-api/3.0.0-M6/surefire-logger-api-3.0.0-M6.jar:/Users/ronitroy/.m2/repository/org/apache/maven/surefire/surefire-extensions-api/3.0.0-M6/surefire-extensions-api-3.0.0-M6.jar:/Users/ronitroy/.m2/repository/org/apache/maven/surefire/surefire-booter/3.0.0-M6/surefire-booter-3.0.0-M6.jar:/Users/ronitroy/.m2/repository/org/apache/maven/surefire/surefire-extensions-spi/3.0.0-M6/surefire-extensions-spi-3.0.0-M6.jar:/Users/ronitroy/.m2/repository/org/apache/maven/shared/maven-common-artifact-filters/3.1.1/maven-common-artifact-filters-3.1.1.jar:/Users/ronitroy/.m2/repository/org/apache/maven/maven-artifact/3.1.0/maven-artifact-3.1.0.jar:/Users/ronitroy/.m2/repository/org/codehaus/plexus/plexus-utils/3.0.10/plexus-utils-3.0.10.jar:/Users/ronitroy/.m2/repository/org/apache/maven/maven-core/3.1.0/maven-core-3.1.0.jar:/Users/ronitroy/.m2/repository/org/apache/maven/maven-settings/3.1.0/maven-settings-3.1.0.jar:/Users/ronitroy/.m2/repository/org/apache/maven/maven-settings-builder/3.1.0/maven-settings-builder-3.1.0.jar:/Users/ronitroy/.m2/repository/org/apache/maven/maven-repository-metadata/3.1.0/maven-repository-metadata-3.1.0.jar:/Users/ronitroy/.m2/repository/org/apache/maven/maven-model-builder/3.1.0/maven-model-builder-3.1.0.jar:/Users/ronitroy/.m2/repository/org/apache/maven/maven-aether-provider/3.1.0/maven-aether-provider-3.1.0.jar:/Users/ronitroy/.m2/repository/org/eclipse/aether/aether-spi/0.9.0.M2/aether-spi-0.9.0.M2.jar:/Users/ronitroy/.m2/repository/org/eclipse/aether/aether-impl/0.9.0.M2/aether-impl-0.9.0.M2.jar:/Users/ronitroy/.m2/repository/org/eclipse/aether/aether-api/0.9.0.M2/aether-api-0.9.0.M2.jar:/Users/ronitroy/.m2/repository/org/eclipse/aether/aether-util/0.9.0.M2/aether-util-0.9.0.M2.jar:/Users/ronitroy/.m2/repository/org/eclipse/sisu/org.eclipse.sisu.plexus/0.0.0.M2a/org.eclipse.sisu.plexus-0.0.0.M2a.jar:/Users/ronitroy/.m2/repository/javax/enterprise/cdi-api/1.0/cdi-api-1.0.jar:/Users/ronitroy/.m2/repository/javax/annotation/jsr250-api/1.0/jsr250-api-1.0.jar:/Users/ronitroy/.m2/repository/javax/inject/javax.inject/1/javax.inject-1.jar:/Users/ronitroy/.m2/repository/org/sonatype/sisu/sisu-guice/3.1.0/sisu-guice-3.1.0-no_aop.jar:/Users/ronitroy/.m2/repository/aopalliance/aopalliance/1.0/aopalliance-1.0.jar:/Users/ronitroy/.m2/repository/org/eclipse/sisu/org.eclipse.sisu.inject/0.0.0.M2a/org.eclipse.sisu.inject-0.0.0.M2a.jar:/Users/ronitroy/.m2/repository/asm/asm/3.3.1/asm-3.3.1.jar:/Users/ronitroy/.m2/repository/org/codehaus/plexus/plexus-interpolation/1.16/plexus-interpolation-1.16.jar:/Users/ronitroy/.m2/repository/org/codehaus/plexus/plexus-classworlds/2.4.2/plexus-classworlds-2.4.2.jar:/Users/ronitroy/.m2/repository/org/codehaus/plexus/plexus-component-annotations/1.5.5/plexus-component-annotations-1.5.5.jar:/Users/ronitroy/.m2/repository/org/sonatype/plexus/plexus-sec-dispatcher/1.3/plexus-sec-dispatcher-1.3.jar:/Users/ronitroy/.m2/repository/org/sonatype/plexus/plexus-cipher/1.4/plexus-cipher-1.4.jar:/Users/ronitroy/.m2/repository/org/apache/maven/maven-plugin-api/3.1.0/maven-plugin-api-3.1.0.jar:/Users/ronitroy/.m2/repository/org/codehaus/plexus/plexus-java/1.1.1/plexus-java-1.1.1.jar:/Users/ronitroy/.m2/repository/com/thoughtworks/qdox/qdox/2.0.1/qdox-2.0.1.jar:/Users/ronitroy/.m2/repository/org/apache/maven/surefire/surefire-shared-utils/3.0.0-M6/surefire-shared-utils-3.0.0-M6.jar:/Users/ronitroy/.m2/repository/org/projectlombok/lombok/1.18.24/lombok-1.18.24.jar:"/>
    <property name="java.vm.vendor" value="Azul Systems, Inc."/>
    <property name="sun.arch.data.model" value="64"/>
    <property name="java.vendor.url" value="http://www.azul.com/"/>
    <property name="user.timezone" value="Asia/Kolkata"/>
    <property name="os.name" value="Mac OS X"/>
    <property name="java.vm.specification.version" value="15"/>
    <property name="sun.java.launcher" value="SUN_STANDARD"/>
    <property name="user.country" value="IN"/>
    <property name="sun.boot.library.path" value="/Users/ronitroy/Library/Java/JavaVirtualMachines/azul-15.0.6/Contents/Home/lib"/>
    <property name="sun.java.command" value="/Users/ronitroy/IdeaProjects/mobile-automation/target/surefire/surefirebooter6305635421817162943.jar /Users/ronitroy/IdeaProjects/mobile-automation/target/surefire 2022-06-24T21-31-38_882-jvmRun1 surefire3565098759525977756tmp surefire_011128290177201857769tmp"/>
    <property name="http.nonProxyHosts" value="local|*.local|169.254/16|*.169.254/16"/>
    <property name="jdk.debug" value="release"/>
    <property name="surefire.test.class.path" value="/Users/ronitroy/IdeaProjects/mobile-automation/target/test-classes:/Users/ronitroy/IdeaProjects/mobile-automation/target/classes:/Users/ronitroy/.m2/repository/io/appium/java-client/7.6.0/java-client-7.6.0.jar:/Users/ronitroy/.m2/repository/org/seleniumhq/selenium/selenium-java/3.141.59/selenium-java-3.141.59.jar:/Users/ronitroy/.m2/repository/org/seleniumhq/selenium/selenium-chrome-driver/3.141.59/selenium-chrome-driver-3.141.59.jar:/Users/ronitroy/.m2/repository/org/seleniumhq/selenium/selenium-edge-driver/3.141.59/selenium-edge-driver-3.141.59.jar:/Users/ronitroy/.m2/repository/org/seleniumhq/selenium/selenium-firefox-driver/3.141.59/selenium-firefox-driver-3.141.59.jar:/Users/ronitroy/.m2/repository/org/seleniumhq/selenium/selenium-ie-driver/3.141.59/selenium-ie-driver-3.141.59.jar:/Users/ronitroy/.m2/repository/org/seleniumhq/selenium/selenium-opera-driver/3.141.59/selenium-opera-driver-3.141.59.jar:/Users/ronitroy/.m2/repository/org/seleniumhq/selenium/selenium-remote-driver/3.141.59/selenium-remote-driver-3.141.59.jar:/Users/ronitroy/.m2/repository/org/seleniumhq/selenium/selenium-safari-driver/3.141.59/selenium-safari-driver-3.141.59.jar:/Users/ronitroy/.m2/repository/net/bytebuddy/byte-buddy/1.8.15/byte-buddy-1.8.15.jar:/Users/ronitroy/.m2/repository/org/apache/commons/commons-exec/1.3/commons-exec-1.3.jar:/Users/ronitroy/.m2/repository/com/google/guava/guava/25.0-jre/guava-25.0-jre.jar:/Users/ronitroy/.m2/repository/com/google/code/findbugs/jsr305/1.3.9/jsr305-1.3.9.jar:/Users/ronitroy/.m2/repository/org/checkerframework/checker-compat-qual/2.0.0/checker-compat-qual-2.0.0.jar:/Users/ronitroy/.m2/repository/com/google/errorprone/error_prone_annotations/2.1.3/error_prone_annotations-2.1.3.jar:/Users/ronitroy/.m2/repository/com/google/j2objc/j2objc-annotations/1.1/j2objc-annotations-1.1.jar:/Users/ronitroy/.m2/repository/org/codehaus/mojo/animal-sniffer-annotations/1.14/animal-sniffer-annotations-1.14.jar:/Users/ronitroy/.m2/repository/com/squareup/okhttp3/okhttp/3.11.0/okhttp-3.11.0.jar:/Users/ronitroy/.m2/repository/com/squareup/okio/okio/1.14.0/okio-1.14.0.jar:/Users/ronitroy/.m2/repository/org/seleniumhq/selenium/selenium-support/3.141.59/selenium-support-3.141.59.jar:/Users/ronitroy/.m2/repository/org/seleniumhq/selenium/selenium-api/3.141.59/selenium-api-3.141.59.jar:/Users/ronitroy/.m2/repository/com/google/code/gson/gson/2.8.8/gson-2.8.8.jar:/Users/ronitroy/.m2/repository/org/apache/httpcomponents/httpclient/4.5.13/httpclient-4.5.13.jar:/Users/ronitroy/.m2/repository/org/apache/httpcomponents/httpcore/4.4.13/httpcore-4.4.13.jar:/Users/ronitroy/.m2/repository/commons-logging/commons-logging/1.2/commons-logging-1.2.jar:/Users/ronitroy/.m2/repository/cglib/cglib/3.3.0/cglib-3.3.0.jar:/Users/ronitroy/.m2/repository/org/ow2/asm/asm/7.1/asm-7.1.jar:/Users/ronitroy/.m2/repository/commons-validator/commons-validator/1.7/commons-validator-1.7.jar:/Users/ronitroy/.m2/repository/commons-beanutils/commons-beanutils/1.9.4/commons-beanutils-1.9.4.jar:/Users/ronitroy/.m2/repository/commons-digester/commons-digester/2.1/commons-digester-2.1.jar:/Users/ronitroy/.m2/repository/commons-collections/commons-collections/3.2.2/commons-collections-3.2.2.jar:/Users/ronitroy/.m2/repository/org/apache/commons/commons-lang3/3.12.0/commons-lang3-3.12.0.jar:/Users/ronitroy/.m2/repository/org/springframework/spring-context/5.3.10/spring-context-5.3.10.jar:/Users/ronitroy/.m2/repository/org/springframework/spring-aop/5.3.10/spring-aop-5.3.10.jar:/Users/ronitroy/.m2/repository/org/springframework/spring-beans/5.3.10/spring-beans-5.3.10.jar:/Users/ronitroy/.m2/repository/org/springframework/spring-core/5.3.10/spring-core-5.3.10.jar:/Users/ronitroy/.m2/repository/org/springframework/spring-jcl/5.3.10/spring-jcl-5.3.10.jar:/Users/ronitroy/.m2/repository/org/springframework/spring-expression/5.3.10/spring-expression-5.3.10.jar:/Users/ronitroy/.m2/repository/org/aspectj/aspectjweaver/1.9.7/aspectjweaver-1.9.7.jar:/Users/ronitroy/.m2/repository/org/slf4j/slf4j-api/1.7.32/slf4j-api-1.7.32.jar:/Users/ronitroy/.m2/repository/org/testng/testng/7.4.0/testng-7.4.0.jar:/Users/ronitroy/.m2/repository/com/beust/jcommander/1.78/jcommander-1.78.jar:/Users/ronitroy/.m2/repository/org/webjars/jquery/3.5.1/jquery-3.5.1.jar:/Users/ronitroy/.m2/repository/org/json/json/20210307/json-20210307.jar:/Users/ronitroy/.m2/repository/org/apache/logging/log4j/log4j-core/2.17.1/log4j-core-2.17.1.jar:/Users/ronitroy/.m2/repository/org/apache/logging/log4j/log4j-api/2.17.1/log4j-api-2.17.1.jar:/Users/ronitroy/.m2/repository/com/aventstack/extentreports/5.0.9/extentreports-5.0.9.jar:/Users/ronitroy/.m2/repository/io/reactivex/rxjava3/rxjava/3.0.4/rxjava-3.0.4.jar:/Users/ronitroy/.m2/repository/org/reactivestreams/reactive-streams/1.0.3/reactive-streams-1.0.3.jar:/Users/ronitroy/.m2/repository/org/freemarker/freemarker/2.3.30/freemarker-2.3.30.jar:/Users/ronitroy/.m2/repository/commons-codec/commons-codec/1.15/commons-codec-1.15.jar:/Users/ronitroy/.m2/repository/commons-io/commons-io/2.11.0/commons-io-2.11.0.jar:/Users/ronitroy/.m2/repository/org/apache/logging/log4j/log4j-slf4j-impl/2.11.2/log4j-slf4j-impl-2.11.2.jar:/Users/ronitroy/.m2/repository/org/apache/maven/plugins/maven-surefire-plugin/3.0.0-M6/maven-surefire-plugin-3.0.0-M6.jar:/Users/ronitroy/.m2/repository/org/apache/maven/surefire/maven-surefire-common/3.0.0-M6/maven-surefire-common-3.0.0-M6.jar:/Users/ronitroy/.m2/repository/org/apache/maven/surefire/surefire-api/3.0.0-M6/surefire-api-3.0.0-M6.jar:/Users/ronitroy/.m2/repository/org/apache/maven/surefire/surefire-logger-api/3.0.0-M6/surefire-logger-api-3.0.0-M6.jar:/Users/ronitroy/.m2/repository/org/apache/maven/surefire/surefire-extensions-api/3.0.0-M6/surefire-extensions-api-3.0.0-M6.jar:/Users/ronitroy/.m2/repository/org/apache/maven/surefire/surefire-booter/3.0.0-M6/surefire-booter-3.0.0-M6.jar:/Users/ronitroy/.m2/repository/org/apache/maven/surefire/surefire-extensions-spi/3.0.0-M6/surefire-extensions-spi-3.0.0-M6.jar:/Users/ronitroy/.m2/repository/org/apache/maven/shared/maven-common-artifact-filters/3.1.1/maven-common-artifact-filters-3.1.1.jar:/Users/ronitroy/.m2/repository/org/apache/maven/maven-artifact/3.1.0/maven-artifact-3.1.0.jar:/Users/ronitroy/.m2/repository/org/codehaus/plexus/plexus-utils/3.0.10/plexus-utils-3.0.10.jar:/Users/ronitroy/.m2/repository/org/apache/maven/maven-core/3.1.0/maven-core-3.1.0.jar:/Users/ronitroy/.m2/repository/org/apache/maven/maven-settings/3.1.0/maven-settings-3.1.0.jar:/Users/ronitroy/.m2/repository/org/apache/maven/maven-settings-builder/3.1.0/maven-settings-builder-3.1.0.jar:/Users/ronitroy/.m2/repository/org/apache/maven/maven-repository-metadata/3.1.0/maven-repository-metadata-3.1.0.jar:/Users/ronitroy/.m2/repository/org/apache/maven/maven-model-builder/3.1.0/maven-model-builder-3.1.0.jar:/Users/ronitroy/.m2/repository/org/apache/maven/maven-aether-provider/3.1.0/maven-aether-provider-3.1.0.jar:/Users/ronitroy/.m2/repository/org/eclipse/aether/aether-spi/0.9.0.M2/aether-spi-0.9.0.M2.jar:/Users/ronitroy/.m2/repository/org/eclipse/aether/aether-impl/0.9.0.M2/aether-impl-0.9.0.M2.jar:/Users/ronitroy/.m2/repository/org/eclipse/aether/aether-api/0.9.0.M2/aether-api-0.9.0.M2.jar:/Users/ronitroy/.m2/repository/org/eclipse/aether/aether-util/0.9.0.M2/aether-util-0.9.0.M2.jar:/Users/ronitroy/.m2/repository/org/eclipse/sisu/org.eclipse.sisu.plexus/0.0.0.M2a/org.eclipse.sisu.plexus-0.0.0.M2a.jar:/Users/ronitroy/.m2/repository/javax/enterprise/cdi-api/1.0/cdi-api-1.0.jar:/Users/ronitroy/.m2/repository/javax/annotation/jsr250-api/1.0/jsr250-api-1.0.jar:/Users/ronitroy/.m2/repository/javax/inject/javax.inject/1/javax.inject-1.jar:/Users/ronitroy/.m2/repository/org/sonatype/sisu/sisu-guice/3.1.0/sisu-guice-3.1.0-no_aop.jar:/Users/ronitroy/.m2/repository/aopalliance/aopalliance/1.0/aopalliance-1.0.jar:/Users/ronitroy/.m2/repository/org/eclipse/sisu/org.eclipse.sisu.inject/0.0.0.M2a/org.eclipse.sisu.inject-0.0.0.M2a.jar:/Users/ronitroy/.m2/repository/asm/asm/3.3.1/asm-3.3.1.jar:/Users/ronitroy/.m2/repository/org/codehaus/plexus/plexus-interpolation/1.16/plexus-interpolation-1.16.jar:/Users/ronitroy/.m2/repository/org/codehaus/plexus/plexus-classworlds/2.4.2/plexus-classworlds-2.4.2.jar:/Users/ronitroy/.m2/repository/org/codehaus/plexus/plexus-component-annotations/1.5.5/plexus-component-annotations-1.5.5.jar:/Users/ronitroy/.m2/repository/org/sonatype/plexus/plexus-sec-dispatcher/1.3/plexus-sec-dispatcher-1.3.jar:/Users/ronitroy/.m2/repository/org/sonatype/plexus/plexus-cipher/1.4/plexus-cipher-1.4.jar:/Users/ronitroy/.m2/repository/org/apache/maven/maven-plugin-api/3.1.0/maven-plugin-api-3.1.0.jar:/Users/ronitroy/.m2/repository/org/codehaus/plexus/plexus-java/1.1.1/plexus-java-1.1.1.jar:/Users/ronitroy/.m2/repository/com/thoughtworks/qdox/qdox/2.0.1/qdox-2.0.1.jar:/Users/ronitroy/.m2/repository/org/apache/maven/surefire/surefire-shared-utils/3.0.0-M6/surefire-shared-utils-3.0.0-M6.jar:/Users/ronitroy/.m2/repository/org/projectlombok/lombok/1.18.24/lombok-1.18.24.jar:"/>
    <property name="sun.cpu.endian" value="little"/>
    <property name="user.home" value="/Users/ronitroy"/>
    <property name="user.language" value="en"/>
    <property name="java.specification.vendor" value="Oracle Corporation"/>
    <property name="java.version.date" value="2022-01-18"/>
    <property name="java.home" value="/Users/ronitroy/Library/Java/JavaVirtualMachines/azul-15.0.6/Contents/Home"/>
    <property name="file.separator" value="/"/>
    <property name="basedir" value="/Users/ronitroy/IdeaProjects/mobile-automation"/>
    <property name="java.vm.compressedOopsMode" value="Zero based"/>
    <property name="line.separator" value="&#10;"/>
    <property name="java.vm.specification.vendor" value="Oracle Corporation"/>
    <property name="java.specification.name" value="Java Platform API Specification"/>
    <property name="surefire.real.class.path" value="/Users/ronitroy/IdeaProjects/mobile-automation/target/surefire/surefirebooter6305635421817162943.jar"/>
    <property name="sun.management.compiler" value="HotSpot 64-Bit Tiered Compilers"/>
    <property name="ftp.nonProxyHosts" value="local|*.local|169.254/16|*.169.254/16"/>
    <property name="java.runtime.version" value="15.0.6+5-MTS"/>
    <property name="user.name" value="ronitroy"/>
    <property name="path.separator" value=":"/>
    <property name="os.version" value="12.4"/>
    <property name="java.runtime.name" value="OpenJDK Runtime Environment"/>
    <property name="file.encoding" value="US-ASCII"/>
    <property name="java.vm.name" value="OpenJDK 64-Bit Server VM"/>
    <property name="java.vendor.version" value="Zulu15.38+17-CA"/>
    <property name="localRepository" value="/Users/ronitroy/.m2/repository"/>
    <property name="java.vendor.url.bug" value="http://www.azul.com/support/"/>
    <property name="java.io.tmpdir" value="/var/folders/qj/15vlxyh14hld4lhg2j1yx1200000gn/T/"/>
    <property name="idea.version" value="2021.3.3"/>
    <property name="java.version" value="15.0.6"/>
    <property name="user.dir" value="/Users/ronitroy/IdeaProjects/mobile-automation"/>
    <property name="os.arch" value="aarch64"/>
    <property name="java.vm.specification.name" value="Java Virtual Machine Specification"/>
    <property name="java.library.path" value="/Users/ronitroy/Library/Java/Extensions:/Library/Java/Extensions:/Network/Library/Java/Extensions:/System/Library/Java/Extensions:/usr/lib/java:."/>
    <property name="java.vm.info" value="mixed mode"/>
    <property name="java.vendor" value="Azul Systems, Inc."/>
    <property name="java.vm.version" value="15.0.6+5-MTS"/>
    <property name="sun.io.unicode.encoding" value="UnicodeBig"/>
    <property name="socksNonProxyHosts" value="local|*.local|169.254/16|*.169.254/16"/>
    <property name="java.class.version" value="59.0"/>
  </properties>
  <testcase name="beforeClass" classname="com.qa.tests.HomePageTest" time="0">
    <skipped/>
    <system-out><![CDATA[[TestNG] [WARN] Ignoring duplicate listener : com.qa.listeners.TestListener
[TestNG] [WARN] Ignoring duplicate listener : com.qa.listeners.TestListener
[TestNG] [WARN] Ignoring duplicate listener : com.qa.listeners.TestListener
[TestNG] [WARN] Ignoring duplicate listener : com.qa.listeners.TestListener
[TestNG] [WARN] Ignoring duplicate listener : com.qa.listeners.TestListener
[INFO ] 2022-06-24 21:31:39.700 com.qa.BaseTest:151 - Appium server started
[INFO ] 2022-06-24 21:31:39.713 com.qa.BaseTest:228 - log path: logs/Android_Flutter_Nexus_6_API_29
[INFO ] 2022-06-24 21:31:39.714 com.qa.BaseTest:236 - load config.properties
[INFO ] 2022-06-24 21:31:39.715 com.qa.BaseTest:241 - load strings/strings.xml
[INFO ] 2022-06-24 21:31:39.721 com.qa.BaseTest:265 - appUrl is/Users/ronitroy/IdeaProjects/mobile-automation/src/test/resources/app/app-release.apk
[FATAL] 2022-06-24 21:31:39.989 com.qa.BaseTest:362 - driver initialization failure. ABORT!!!
org.openqa.selenium.SessionNotCreatedException: Unable to create a new remote session. Please check the server log for more details. Original error: A new session could not be created. Details: The desiredCapabilities object was not valid for the following reason(s): 'platformName' Android_Flutter not part of Android (WARNING: The server did not provide any stacktrace information)
Command duration or timeout: 79 milliseconds
Build info: version: '3.141.59', revision: 'e82be7d358', time: '2018-11-14T08:17:03'
System info: host: 'Ronits-MacBook-Pro.local', ip: '2406:7400:63:5d0a:5566:2f58:6942:90a3%en0', os.name: 'Mac OS X', os.arch: 'aarch64', os.version: '12.4', java.version: '15.0.6'
Driver info: driver.version: AndroidDriver
Build info: version: '3.141.59', revision: 'e82be7d358', time: '2018-11-14T08:17:03'
System info: host: 'Ronits-MacBook-Pro.local', ip: '2406:7400:63:5d0a:5566:2f58:6942:90a3%en0', os.name: 'Mac OS X', os.arch: 'aarch64', os.version: '12.4', java.version: '15.0.6'
Driver info: driver.version: AndroidDriver
]]></system-out>
  </testcase>
  <testcase name="beforeClass" classname="com.qa.tests.HomePageTest" time="0">
    <skipped/>
    <system-out><![CDATA[[INFO ] 2022-06-24 21:31:40.584 com.qa.BaseTest:176 - Appium server stopped
[INFO ] 2022-06-24 21:31:40.587 com.qa.BaseTest:151 - Appium server started
[INFO ] 2022-06-24 21:31:40.588 com.qa.BaseTest:228 - log path: logs/Android_RN_Nexus_6_API_29
[INFO ] 2022-06-24 21:31:40.591 com.qa.BaseTest:236 - load config.properties
[INFO ] 2022-06-24 21:31:40.592 com.qa.BaseTest:241 - load strings/strings.xml
[INFO ] 2022-06-24 21:31:40.593 com.qa.BaseTest:306 - appUrl is/Users/ronitroy/IdeaProjects/mobile-automation/src/test/resources/app/Android_RN.apk
[FATAL] 2022-06-24 21:31:40.612 com.qa.BaseTest:362 - driver initialization failure. ABORT!!!
org.openqa.selenium.SessionNotCreatedException: Unable to create a new remote session. Please check the server log for more details. Original error: A new session could not be created. Details: The desiredCapabilities object was not valid for the following reason(s): 'platformName' Android_RN not part of Android (WARNING: The server did not provide any stacktrace information)
Command duration or timeout: 10 milliseconds
Build info: version: '3.141.59', revision: 'e82be7d358', time: '2018-11-14T08:17:03'
System info: host: 'Ronits-MacBook-Pro.local', ip: '2406:7400:63:5d0a:5566:2f58:6942:90a3%en0', os.name: 'Mac OS X', os.arch: 'aarch64', os.version: '12.4', java.version: '15.0.6'
Driver info: driver.version: AndroidDriver
Build info: version: '3.141.59', revision: 'e82be7d358', time: '2018-11-14T08:17:03'
System info: host: 'Ronits-MacBook-Pro.local', ip: '2406:7400:63:5d0a:5566:2f58:6942:90a3%en0', os.name: 'Mac OS X', os.arch: 'aarch64', os.version: '12.4', java.version: '15.0.6'
Driver info: driver.version: AndroidDriver
]]></system-out>
  </testcase>
  <testcase name="beforeClass" classname="com.qa.tests.HomePageTest" time="0">
    <skipped/>
    <system-out><![CDATA[[INFO ] 2022-06-24 21:31:40.696 com.qa.BaseTest:176 - Appium server stopped
[INFO ] 2022-06-24 21:31:40.699 com.qa.BaseTest:151 - Appium server started
[INFO ] 2022-06-24 21:31:40.700 com.qa.BaseTest:228 - log path: logs/Android_Native_Nexus_6_API_29
[INFO ] 2022-06-24 21:31:40.702 com.qa.BaseTest:236 - load config.properties
[INFO ] 2022-06-24 21:31:40.702 com.qa.BaseTest:241 - load strings/strings.xml
[INFO ] 2022-06-24 21:31:40.704 com.qa.BaseTest:285 - appUrl is/Users/ronitroy/IdeaProjects/mobile-automation/src/test/resources/app/Android_Native.apk
[FATAL] 2022-06-24 21:31:40.718 com.qa.BaseTest:362 - driver initialization failure. ABORT!!!
org.openqa.selenium.SessionNotCreatedException: Unable to create a new remote session. Please check the server log for more details. Original error: A new session could not be created. Details: The desiredCapabilities object was not valid for the following reason(s): 'platformName' Android_Native not part of Android (WARNING: The server did not provide any stacktrace information)
Command duration or timeout: 10 milliseconds
Build info: version: '3.141.59', revision: 'e82be7d358', time: '2018-11-14T08:17:03'
System info: host: 'Ronits-MacBook-Pro.local', ip: '2406:7400:63:5d0a:5566:2f58:6942:90a3%en0', os.name: 'Mac OS X', os.arch: 'aarch64', os.version: '12.4', java.version: '15.0.6'
Driver info: driver.version: AndroidDriver
Build info: version: '3.141.59', revision: 'e82be7d358', time: '2018-11-14T08:17:03'
System info: host: 'Ronits-MacBook-Pro.local', ip: '2406:7400:63:5d0a:5566:2f58:6942:90a3%en0', os.name: 'Mac OS X', os.arch: 'aarch64', os.version: '12.4', java.version: '15.0.6'
Driver info: driver.version: AndroidDriver
]]></system-out>
  </testcase>
  <testcase name="beforeMethod" classname="com.qa.tests.HomePageTest" time="0">
    <skipped/>
  </testcase>
  <testcase name="beforeMethod" classname="com.qa.tests.HomePageTest" time="0">
    <skipped/>
  </testcase>
  <testcase name="beforeMethod" classname="com.qa.tests.HomePageTest" time="0">
    <skipped/>
  </testcase>
  <testcase name="beforeMethod" classname="com.qa.tests.HomePageTest" time="0">
    <skipped/>
  </testcase>
  <testcase name="beforeMethod" classname="com.qa.tests.HomePageTest" time="0">
    <skipped/>
  </testcase>
  <testcase name="beforeMethod" classname="com.qa.tests.HomePageTest" time="0">
    <skipped/>
  </testcase>
  <testcase name="beforeMethod" classname="com.qa.tests.HomePageTest" time="0">
    <skipped/>
  </testcase>
  <testcase name="beforeMethod" classname="com.qa.tests.HomePageTest" time="0">
    <skipped/>
  </testcase>
  <testcase name="beforeMethod" classname="com.qa.tests.HomePageTest" time="0">
    <skipped/>
  </testcase>
  <testcase name="beforeMethod" classname="com.qa.tests.HomePageTest" time="0">
    <skipped/>
  </testcase>
  <testcase name="beforeMethod" classname="com.qa.tests.HomePageTest" time="0">
    <skipped/>
  </testcase>
  <testcase name="beforeMethod" classname="com.qa.tests.HomePageTest" time="0">
    <skipped/>
  </testcase>
  <testcase name="Test_HomePage" classname="com.qa.tests.HomePageTest" time="0">
    <skipped message="Unable to create a new remote session. Please check the server log for more details. Original error: A new session could not be created. Details: The desiredCapabilities object was not valid for the following reason(s): &apos;platformName&apos; Android_Flutter not part of Android (WARNING: The server did not provide any stacktrace information)&#10;Command duration or timeout: 79 milliseconds&#10;Build info: version: &apos;3.141.59&apos;, revision: &apos;e82be7d358&apos;, time: &apos;2018-11-14T08:17:03&apos;&#10;System info: host: &apos;Ronits-MacBook-Pro.local&apos;, ip: &apos;2406:7400:63:5d0a:5566:2f58:6942:90a3%en0&apos;, os.name: &apos;Mac OS X&apos;, os.arch: &apos;aarch64&apos;, os.version: &apos;12.4&apos;, java.version: &apos;15.0.6&apos;&#10;Driver info: driver.version: AndroidDriver&#10;Build info: version: &apos;3.141.59&apos;, revision: &apos;e82be7d358&apos;, time: &apos;2018-11-14T08:17:03&apos;&#10;System info: host: &apos;Ronits-MacBook-Pro.local&apos;, ip: &apos;2406:7400:63:5d0a:5566:2f58:6942:90a3%en0&apos;, os.name: &apos;Mac OS X&apos;, os.arch: &apos;aarch64&apos;, os.version: &apos;12.4&apos;, java.version: &apos;15.0.6&apos;&#10;Driver info: driver.version: AndroidDriver"/>
  </testcase>
  <testcase name="Test_HomePage" classname="com.qa.tests.HomePageTest" time="0">
    <skipped message="Unable to create a new remote session. Please check the server log for more details. Original error: A new session could not be created. Details: The desiredCapabilities object was not valid for the following reason(s): &apos;platformName&apos; Android_RN not part of Android (WARNING: The server did not provide any stacktrace information)&#10;Command duration or timeout: 10 milliseconds&#10;Build info: version: &apos;3.141.59&apos;, revision: &apos;e82be7d358&apos;, time: &apos;2018-11-14T08:17:03&apos;&#10;System info: host: &apos;Ronits-MacBook-Pro.local&apos;, ip: &apos;2406:7400:63:5d0a:5566:2f58:6942:90a3%en0&apos;, os.name: &apos;Mac OS X&apos;, os.arch: &apos;aarch64&apos;, os.version: &apos;12.4&apos;, java.version: &apos;15.0.6&apos;&#10;Driver info: driver.version: AndroidDriver&#10;Build info: version: &apos;3.141.59&apos;, revision: &apos;e82be7d358&apos;, time: &apos;2018-11-14T08:17:03&apos;&#10;System info: host: &apos;Ronits-MacBook-Pro.local&apos;, ip: &apos;2406:7400:63:5d0a:5566:2f58:6942:90a3%en0&apos;, os.name: &apos;Mac OS X&apos;, os.arch: &apos;aarch64&apos;, os.version: &apos;12.4&apos;, java.version: &apos;15.0.6&apos;&#10;Driver info: driver.version: AndroidDriver"/>
  </testcase>
  <testcase name="Test_HomePage" classname="com.qa.tests.HomePageTest" time="0">
    <skipped message="Unable to create a new remote session. Please check the server log for more details. Original error: A new session could not be created. Details: The desiredCapabilities object was not valid for the following reason(s): &apos;platformName&apos; Android_Native not part of Android (WARNING: The server did not provide any stacktrace information)&#10;Command duration or timeout: 10 milliseconds&#10;Build info: version: &apos;3.141.59&apos;, revision: &apos;e82be7d358&apos;, time: &apos;2018-11-14T08:17:03&apos;&#10;System info: host: &apos;Ronits-MacBook-Pro.local&apos;, ip: &apos;2406:7400:63:5d0a:5566:2f58:6942:90a3%en0&apos;, os.name: &apos;Mac OS X&apos;, os.arch: &apos;aarch64&apos;, os.version: &apos;12.4&apos;, java.version: &apos;15.0.6&apos;&#10;Driver info: driver.version: AndroidDriver&#10;Build info: version: &apos;3.141.59&apos;, revision: &apos;e82be7d358&apos;, time: &apos;2018-11-14T08:17:03&apos;&#10;System info: host: &apos;Ronits-MacBook-Pro.local&apos;, ip: &apos;2406:7400:63:5d0a:5566:2f58:6942:90a3%en0&apos;, os.name: &apos;Mac OS X&apos;, os.arch: &apos;aarch64&apos;, os.version: &apos;12.4&apos;, java.version: &apos;15.0.6&apos;&#10;Driver info: driver.version: AndroidDriver"/>
  </testcase>
  <testcase name="afterMethod" classname="com.qa.tests.HomePageTest" time="0">
    <skipped/>
  </testcase>
  <testcase name="afterMethod" classname="com.qa.tests.HomePageTest" time="0">
    <skipped/>
  </testcase>
  <testcase name="afterMethod" classname="com.qa.tests.HomePageTest" time="0">
    <skipped/>
  </testcase>
  <testcase name="afterMethod" classname="com.qa.tests.HomePageTest" time="0">
    <skipped/>
  </testcase>
  <testcase name="afterMethod" classname="com.qa.tests.HomePageTest" time="0">
    <skipped/>
  </testcase>
  <testcase name="afterMethod" classname="com.qa.tests.HomePageTest" time="0">
    <skipped/>
  </testcase>
  <testcase name="afterMethod" classname="com.qa.tests.HomePageTest" time="0">
    <skipped/>
  </testcase>
  <testcase name="afterMethod" classname="com.qa.tests.HomePageTest" time="0">
    <skipped/>
  </testcase>
  <testcase name="afterMethod" classname="com.qa.tests.HomePageTest" time="0">
    <skipped/>
  </testcase>
  <testcase name="afterMethod" classname="com.qa.tests.HomePageTest" time="0">
    <skipped/>
  </testcase>
  <testcase name="afterMethod" classname="com.qa.tests.HomePageTest" time="0">
    <skipped/>
  </testcase>
  <testcase name="afterMethod" classname="com.qa.tests.HomePageTest" time="0">
    <skipped/>
  </testcase>
  <testcase name="Test_ParticipantName_Popup" classname="com.qa.tests.HomePageTest" time="0">
    <skipped message="Unable to create a new remote session. Please check the server log for more details. Original error: A new session could not be created. Details: The desiredCapabilities object was not valid for the following reason(s): &apos;platformName&apos; Android_Flutter not part of Android (WARNING: The server did not provide any stacktrace information)&#10;Command duration or timeout: 79 milliseconds&#10;Build info: version: &apos;3.141.59&apos;, revision: &apos;e82be7d358&apos;, time: &apos;2018-11-14T08:17:03&apos;&#10;System info: host: &apos;Ronits-MacBook-Pro.local&apos;, ip: &apos;2406:7400:63:5d0a:5566:2f58:6942:90a3%en0&apos;, os.name: &apos;Mac OS X&apos;, os.arch: &apos;aarch64&apos;, os.version: &apos;12.4&apos;, java.version: &apos;15.0.6&apos;&#10;Driver info: driver.version: AndroidDriver&#10;Build info: version: &apos;3.141.59&apos;, revision: &apos;e82be7d358&apos;, time: &apos;2018-11-14T08:17:03&apos;&#10;System info: host: &apos;Ronits-MacBook-Pro.local&apos;, ip: &apos;2406:7400:63:5d0a:5566:2f58:6942:90a3%en0&apos;, os.name: &apos;Mac OS X&apos;, os.arch: &apos;aarch64&apos;, os.version: &apos;12.4&apos;, java.version: &apos;15.0.6&apos;&#10;Driver info: driver.version: AndroidDriver"/>
  </testcase>
  <testcase name="Test_ParticipantName_Popup" classname="com.qa.tests.HomePageTest" time="0">
    <skipped message="Unable to create a new remote session. Please check the server log for more details. Original error: A new session could not be created. Details: The desiredCapabilities object was not valid for the following reason(s): &apos;platformName&apos; Android_RN not part of Android (WARNING: The server did not provide any stacktrace information)&#10;Command duration or timeout: 10 milliseconds&#10;Build info: version: &apos;3.141.59&apos;, revision: &apos;e82be7d358&apos;, time: &apos;2018-11-14T08:17:03&apos;&#10;System info: host: &apos;Ronits-MacBook-Pro.local&apos;, ip: &apos;2406:7400:63:5d0a:5566:2f58:6942:90a3%en0&apos;, os.name: &apos;Mac OS X&apos;, os.arch: &apos;aarch64&apos;, os.version: &apos;12.4&apos;, java.version: &apos;15.0.6&apos;&#10;Driver info: driver.version: AndroidDriver&#10;Build info: version: &apos;3.141.59&apos;, revision: &apos;e82be7d358&apos;, time: &apos;2018-11-14T08:17:03&apos;&#10;System info: host: &apos;Ronits-MacBook-Pro.local&apos;, ip: &apos;2406:7400:63:5d0a:5566:2f58:6942:90a3%en0&apos;, os.name: &apos;Mac OS X&apos;, os.arch: &apos;aarch64&apos;, os.version: &apos;12.4&apos;, java.version: &apos;15.0.6&apos;&#10;Driver info: driver.version: AndroidDriver"/>
  </testcase>
  <testcase name="Test_ParticipantName_Popup" classname="com.qa.tests.HomePageTest" time="0">
    <skipped message="Unable to create a new remote session. Please check the server log for more details. Original error: A new session could not be created. Details: The desiredCapabilities object was not valid for the following reason(s): &apos;platformName&apos; Android_Native not part of Android (WARNING: The server did not provide any stacktrace information)&#10;Command duration or timeout: 10 milliseconds&#10;Build info: version: &apos;3.141.59&apos;, revision: &apos;e82be7d358&apos;, time: &apos;2018-11-14T08:17:03&apos;&#10;System info: host: &apos;Ronits-MacBook-Pro.local&apos;, ip: &apos;2406:7400:63:5d0a:5566:2f58:6942:90a3%en0&apos;, os.name: &apos;Mac OS X&apos;, os.arch: &apos;aarch64&apos;, os.version: &apos;12.4&apos;, java.version: &apos;15.0.6&apos;&#10;Driver info: driver.version: AndroidDriver&#10;Build info: version: &apos;3.141.59&apos;, revision: &apos;e82be7d358&apos;, time: &apos;2018-11-14T08:17:03&apos;&#10;System info: host: &apos;Ronits-MacBook-Pro.local&apos;, ip: &apos;2406:7400:63:5d0a:5566:2f58:6942:90a3%en0&apos;, os.name: &apos;Mac OS X&apos;, os.arch: &apos;aarch64&apos;, os.version: &apos;12.4&apos;, java.version: &apos;15.0.6&apos;&#10;Driver info: driver.version: AndroidDriver"/>
  </testcase>
  <testcase name="afterClass" classname="com.qa.tests.HomePageTest" time="0">
    <skipped/>
  </testcase>
  <testcase name="afterClass" classname="com.qa.tests.HomePageTest" time="0">
    <skipped/>
  </testcase>
  <testcase name="afterClass" classname="com.qa.tests.HomePageTest" time="0">
    <skipped/>
  </testcase>
</testsuite>